<?xml version="1.0" encoding="utf-8"?><testsuites><testsuite name="pytest" errors="0" failures="0" skipped="0" tests="0" time="0.001" timestamp="2021-09-14T16:13:00.844525" hostname="Laptop-Abhi" /></testsuites>